# JRE version: 7.0_05-b05
# Java VM: Java HotSpot(TM) 64-Bit Server VM (23.1-b03 mixed mode bsd-amd64 compressed oops)
Heap
 PSYoungGen      total 76992K, used 0K [0x00000007e80b0000, 0x00000007eced0000, 0x0000000800000000)
  eden space 73984K, 0% used [0x00000007e80b0000,0x00000007e80b0000,0x00000007ec8f0000)
  from space 3008K, 0% used [0x00000007ec8f0000,0x00000007ec8f0000,0x00000007ecbe0000)
  to   space 3008K, 0% used [0x00000007ecbe0000,0x00000007ecbe0000,0x00000007eced0000)
 ParOldGen       total 49024K, used 14545K [0x00000007b8200000, 0x00000007bb1e0000, 0x00000007e80b0000)
  object space 49024K, 29% used [0x00000007b8200000,0x00000007b9034580,0x00000007bb1e0000)
 PSPermGen       total 21248K, used 17948K [0x00000007b3000000, 0x00000007b44c0000, 0x00000007b8200000)
  object space 21248K, 84% used [0x00000007b3000000,0x00000007b4187260,0x00000007b44c0000)
GC Heap History (10 events):
Event: 0.513 GC heap after
Heap after GC invocations=1 (full 0):
 PSYoungGen      total 21504K, used 2990K [0x00000007e80b0000, 0x00000007eaab0000, 0x0000000800000000)
  eden space 18496K, 0% used [0x00000007e80b0000,0x00000007e80b0000,0x00000007e92c0000)
  from space 3008K, 99% used [0x00000007e92c0000,0x00000007e95ab8b0,0x00000007e95b0000)
  to   space 3008K, 0% used [0x00000007ea7c0000,0x00000007ea7c0000,0x00000007eaab0000)
 ParOldGen       total 49024K, used 447K [0x00000007b8200000, 0x00000007bb1e0000, 0x00000007e80b0000)
  object space 49024K, 0% used [0x00000007b8200000,0x00000007b826fed8,0x00000007bb1e0000)
 PSPermGen       total 21248K, used 6667K [0x00000007b3000000, 0x00000007b44c0000, 0x00000007b8200000)
  object space 21248K, 31% used [0x00000007b3000000,0x00000007b3682f18,0x00000007b44c0000)
}
Event: 0.714 GC heap before
{Heap before GC invocations=2 (full 0):
 PSYoungGen      total 21504K, used 21486K [0x00000007e80b0000, 0x00000007eaab0000, 0x0000000800000000)
  eden space 18496K, 100% used [0x00000007e80b0000,0x00000007e92c0000,0x00000007e92c0000)
  from space 3008K, 99% used [0x00000007e92c0000,0x00000007e95ab8b0,0x00000007e95b0000)
  to   space 3008K, 0% used [0x00000007ea7c0000,0x00000007ea7c0000,0x00000007eaab0000)
 ParOldGen       total 49024K, used 447K [0x00000007b8200000, 0x00000007bb1e0000, 0x00000007e80b0000)
  object space 49024K, 0% used [0x00000007b8200000,0x00000007b826fed8,0x00000007bb1e0000)
 PSPermGen       total 21248K, used 7540K [0x00000007b3000000, 0x00000007b44c0000, 0x00000007b8200000)
  object space 21248K, 35% used [0x00000007b3000000,0x00000007b375d2a8,0x00000007b44c0000)
Event: 0.719 GC heap after
Heap after GC invocations=2 (full 0):
 PSYoungGen      total 40000K, used 2672K [0x00000007e80b0000, 0x00000007eaab0000, 0x0000000800000000)
  eden space 36992K, 0% used [0x00000007e80b0000,0x00000007e80b0000,0x00000007ea4d0000)
  from space 3008K, 88% used [0x00000007ea7c0000,0x00000007eaa5c260,0x00000007eaab0000)
  to   space 3008K, 0% used [0x00000007ea4d0000,0x00000007ea4d0000,0x00000007ea7c0000)
 ParOldGen       total 49024K, used 455K [0x00000007b8200000, 0x00000007bb1e0000, 0x00000007e80b0000)
  object space 49024K, 0% used [0x00000007b8200000,0x00000007b8271ed8,0x00000007bb1e0000)
 PSPermGen       total 21248K, used 7540K [0x00000007b3000000, 0x00000007b44c0000, 0x00000007b8200000)
  object space 21248K, 35% used [0x00000007b3000000,0x00000007b375d2a8,0x00000007b44c0000)
}
Event: 1.340 GC heap before
{Heap before GC invocations=3 (full 0):
 PSYoungGen      total 40000K, used 39664K [0x00000007e80b0000, 0x00000007eaab0000, 0x0000000800000000)
  eden space 36992K, 100% used [0x00000007e80b0000,0x00000007ea4d0000,0x00000007ea4d0000)
  from space 3008K, 88% used [0x00000007ea7c0000,0x00000007eaa5c260,0x00000007eaab0000)
  to   space 3008K, 0% used [0x00000007ea4d0000,0x00000007ea4d0000,0x00000007ea7c0000)
 ParOldGen       total 49024K, used 455K [0x00000007b8200000, 0x00000007bb1e0000, 0x00000007e80b0000)
  object space 49024K, 0% used [0x00000007b8200000,0x00000007b8271ed8,0x00000007bb1e0000)
 PSPermGen       total 21248K, used 12342K [0x00000007b3000000, 0x00000007b44c0000, 0x00000007b8200000)
  object space 21248K, 58% used [0x00000007b3000000,0x00000007b3c0d8b8,0x00000007b44c0000)
Event: 1.355 GC heap after
Heap after GC invocations=3 (full 0):
 PSYoungGen      total 40000K, used 2995K [0x00000007e80b0000, 0x00000007eced0000, 0x0000000800000000)
  eden space 36992K, 0% used [0x00000007e80b0000,0x00000007e80b0000,0x00000007ea4d0000)
  from space 3008K, 99% used [0x00000007ea4d0000,0x00000007ea7bcc70,0x00000007ea7c0000)
  to   space 3008K, 0% used [0x00000007ecbe0000,0x00000007ecbe0000,0x00000007eced0000)
 ParOldGen       total 49024K, used 4219K [0x00000007b8200000, 0x00000007bb1e0000, 0x00000007e80b0000)
  object space 49024K, 8% used [0x00000007b8200000,0x00000007b861ee68,0x00000007bb1e0000)
 PSPermGen       total 21248K, used 12342K [0x00000007b3000000, 0x00000007b44c0000, 0x00000007b8200000)
  object space 21248K, 58% used [0x00000007b3000000,0x00000007b3c0d8b8,0x00000007b44c0000)
}
Event: 1.987 GC heap before
{Heap before GC invocations=4 (full 0):
 PSYoungGen      total 40000K, used 39987K [0x00000007e80b0000, 0x00000007eced0000, 0x0000000800000000)
  eden space 36992K, 100% used [0x00000007e80b0000,0x00000007ea4d0000,0x00000007ea4d0000)
  from space 3008K, 99% used [0x00000007ea4d0000,0x00000007ea7bcc70,0x00000007ea7c0000)
  to   space 3008K, 0% used [0x00000007ecbe0000,0x00000007ecbe0000,0x00000007eced0000)
 ParOldGen       total 49024K, used 4219K [0x00000007b8200000, 0x00000007bb1e0000, 0x00000007e80b0000)
  object space 49024K, 8% used [0x00000007b8200000,0x00000007b861ee68,0x00000007bb1e0000)
 PSPermGen       total 21248K, used 13739K [0x00000007b3000000, 0x00000007b44c0000, 0x00000007b8200000)
  object space 21248K, 64% used [0x00000007b3000000,0x00000007b3d6ad40,0x00000007b44c0000)
Event: 1.994 GC heap after
Heap after GC invocations=4 (full 0):
 PSYoungGen      total 76992K, used 2976K [0x00000007e80b0000, 0x00000007eced0000, 0x0000000800000000)
  eden space 73984K, 0% used [0x00000007e80b0000,0x00000007e80b0000,0x00000007ec8f0000)
  from space 3008K, 98% used [0x00000007ecbe0000,0x00000007ecec8060,0x00000007eced0000)
  to   space 3008K, 0% used [0x00000007ec8f0000,0x00000007ec8f0000,0x00000007ecbe0000)
 ParOldGen       total 49024K, used 7174K [0x00000007b8200000, 0x00000007bb1e0000, 0x00000007e80b0000)
  object space 49024K, 14% used [0x00000007b8200000,0x00000007b8901bf0,0x00000007bb1e0000)
 PSPermGen       total 21248K, used 13739K [0x00000007b3000000, 0x00000007b44c0000, 0x00000007b8200000)
  object space 21248K, 64% used [0x00000007b3000000,0x00000007b3d6ad40,0x00000007b44c0000)
}
Event: 2.805 GC heap before
{Heap before GC invocations=5 (full 0):
 PSYoungGen      total 76992K, used 51981K [0x00000007e80b0000, 0x00000007eced0000, 0x0000000800000000)
  eden space 73984K, 66% used [0x00000007e80b0000,0x00000007eb08b630,0x00000007ec8f0000)
  from space 3008K, 98% used [0x00000007ecbe0000,0x00000007ecec8060,0x00000007eced0000)
  to   space 3008K, 0% used [0x00000007ec8f0000,0x00000007ec8f0000,0x00000007ecbe0000)
 ParOldGen       total 49024K, used 7174K [0x00000007b8200000, 0x00000007bb1e0000, 0x00000007e80b0000)
  object space 49024K, 14% used [0x00000007b8200000,0x00000007b8901bf0,0x00000007bb1e0000)
 PSPermGen       total 21248K, used 17957K [0x00000007b3000000, 0x00000007b44c0000, 0x00000007b8200000)
  object space 21248K, 84% used [0x00000007b3000000,0x00000007b4189600,0x00000007b44c0000)
Event: 2.815 GC heap after
Heap after GC invocations=5 (full 0):
 PSYoungGen      total 76992K, used 2976K [0x00000007e80b0000, 0x00000007eced0000, 0x0000000800000000)
  eden space 73984K, 0% used [0x00000007e80b0000,0x00000007e80b0000,0x00000007ec8f0000)
  from space 3008K, 98% used [0x00000007ec8f0000,0x00000007ecbd8040,0x00000007ecbe0000)
  to   space 3008K, 0% used [0x00000007ecbe0000,0x00000007ecbe0000,0x00000007eced0000)
 ParOldGen       total 49024K, used 14624K [0x00000007b8200000, 0x00000007bb1e0000, 0x00000007e80b0000)
  object space 49024K, 29% used [0x00000007b8200000,0x00000007b9048048,0x00000007bb1e0000)
 PSPermGen       total 21248K, used 17957K [0x00000007b3000000, 0x00000007b44c0000, 0x00000007b8200000)
  object space 21248K, 84% used [0x00000007b3000000,0x00000007b4189600,0x00000007b44c0000)
}
Event: 2.815 GC heap before
{Heap before GC invocations=6 (full 1):
 PSYoungGen      total 76992K, used 2976K [0x00000007e80b0000, 0x00000007eced0000, 0x0000000800000000)
  eden space 73984K, 0% used [0x00000007e80b0000,0x00000007e80b0000,0x00000007ec8f0000)
  from space 3008K, 98% used [0x00000007ec8f0000,0x00000007ecbd8040,0x00000007ecbe0000)
  to   space 3008K, 0% used [0x00000007ecbe0000,0x00000007ecbe0000,0x00000007eced0000)
 ParOldGen       total 49024K, used 14624K [0x00000007b8200000, 0x00000007bb1e0000, 0x00000007e80b0000)
  object space 49024K, 29% used [0x00000007b8200000,0x00000007b9048048,0x00000007bb1e0000)
 PSPermGen       total 21248K, used 17957K [0x00000007b3000000, 0x00000007b44c0000, 0x00000007b8200000)
  object space 21248K, 84% used [0x00000007b3000000,0x00000007b4189600,0x00000007b44c0000)

